<?xml version="1.0" encoding="UTF-8"?>
<testng-results ignored="0" total="1" passed="1" failed="0" skipped="0">
  <reporter-output>
  </reporter-output>
  <suite started-at="2022-11-18T14:54:15 IST" name="Default suite" finished-at="2022-11-18T14:54:19 IST" duration-ms="4378">
    <groups>
    </groups>
    <test started-at="2022-11-18T14:54:15 IST" name="Default test" finished-at="2022-11-18T14:54:19 IST" duration-ms="4378">
      <class name="reqres.CRUDoperationWithBDDaprpach.CreateUserTest">
        <test-method signature="createuserTest()[pri:0, instance:reqres.CRUDoperationWithBDDaprpach.CreateUserTest@3d1cfad4]" started-at="2022-11-18T14:54:15 IST" name="createuserTest" finished-at="2022-11-18T14:54:19 IST" duration-ms="4330" status="PASS">
          <reporter-output>
          </reporter-output>
        </test-method> <!-- createuserTest -->
      </class> <!-- reqres.CRUDoperationWithBDDaprpach.CreateUserTest -->
    </test> <!-- Default test -->
  </suite> <!-- Default suite -->
</testng-results>
