<?xml version="1.0" encoding="UTF-8"?>
<testng-results ignored="0" total="1" passed="1" failed="0" skipped="0">
  <reporter-output>
  </reporter-output>
  <suite started-at="2022-11-21T14:50:17 IST" name="Default suite" finished-at="2022-11-21T14:50:24 IST" duration-ms="7172">
    <groups>
    </groups>
    <test started-at="2022-11-21T14:50:17 IST" name="Default test" finished-at="2022-11-21T14:50:24 IST" duration-ms="7172">
      <class name="RequestChainingTest">
        <test-method signature="requestChainingTest()[pri:0, instance:RequestChainingTest@3d1cfad4]" started-at="2022-11-21T14:50:17 IST" name="requestChainingTest" finished-at="2022-11-21T14:50:24 IST" duration-ms="7119" status="PASS">
          <reporter-output>
          </reporter-output>
        </test-method> <!-- requestChainingTest -->
      </class> <!-- RequestChainingTest -->
    </test> <!-- Default test -->
  </suite> <!-- Default suite -->
</testng-results>
